<?xml version="1.0" encoding="UTF-8"?>
<!-- Generated by org.testng.reporters.JUnitReportReporter -->
<testsuite hostname="Zindagi" failures="0" tests="3" name="tests.GetCommentsTest" time="8.532" errors="0" timestamp="2024-05-12T17:59:07 IST" skipped="0">
  <testcase classname="tests.GetCommentsTest" name="validatePostsSchema" time="2.445"/>
  <testcase classname="tests.GetCommentsTest" name="getAllUsersTest" time="3.701"/>
  <testcase classname="tests.GetCommentsTest" name="getUserWithQueryParamsTest" time="2.386"/>
</testsuite> <!-- tests.GetCommentsTest -->
