<?xml version="1.0" encoding="UTF-8"?>
<!-- Generated by org.testng.reporters.JUnitReportReporter -->
<testsuite hostname="Zindagi" failures="0" tests="3" name="tests.GetPostsTest" time="7.952" errors="0" timestamp="2024-05-12T17:59:07 IST" skipped="0">
  <testcase classname="tests.GetPostsTest" name="getUserWithQueryParamsTest" time="2.403"/>
  <testcase classname="tests.GetPostsTest" name="getAllUsersTest" time="3.410"/>
  <testcase classname="tests.GetPostsTest" name="validatePostsSchema" time="2.139"/>
</testsuite> <!-- tests.GetPostsTest -->
