<?xml version="1.0" encoding="UTF-8"?>
<!-- Generated by org.testng.reporters.JUnitReportReporter -->
<testsuite hostname="Zindagi" failures="0" tests="3" name="tests.GetUsersTest" time="1.701" errors="0" timestamp="2024-05-12T17:59:07 IST" skipped="0">
  <testcase classname="tests.GetUsersTest" name="validatePostsSchema" time="0.631"/>
  <testcase classname="tests.GetUsersTest" name="getAllUsersTest" time="0.514"/>
  <testcase classname="tests.GetUsersTest" name="getUserWithQueryParamsTest" time="0.556"/>
</testsuite> <!-- tests.GetUsersTest -->
